<?xml version="1.0" encoding="UTF-8"?>
<!-- Generated by org.testng.reporters.JUnitReportReporter -->
<testsuite skipped="0" hostname="RIYAZ" name="script.invalidLogin" tests="1" failures="0" timestamp="05 Mar 2019 07:13:53 GMT" time="84.011" errors="0">
  <testcase name="testInvalidLogin" time="84.011" classname="script.invalidLogin"/>
</testsuite> <!-- script.invalidLogin -->
