<?xml version="1.0" encoding="UTF-8"?>
<!-- Generated by org.testng.reporters.JUnitReportReporter -->
<testsuite skipped="0" hostname="RIYAZ" name="script.TestUtil" tests="1" failures="0" timestamp="11 Jan 2019 06:51:12 GMT" time="41.930" errors="0">
  <testcase name="testA" time="41.930" classname="script.TestUtil"/>
</testsuite> <!-- script.TestUtil -->
